Start testing: Apr 24 00:03 BST
----------------------------------------------------------
16/19 Testing: test_pulscan_boxcar_filter
16/19 Test: test_pulscan_boxcar_filter
Command: "/home/jay/workspace/aa/astro-accelerate/build-tests/tests/test_pulscan_boxcar_filter"
Directory: /home/jay/workspace/aa/astro-accelerate/build-tests
"test_pulscan_boxcar_filter" start time: Apr 24 00:03 BST
Output:
----------------------------------------------------------
Running test_pulscan_boxcar_filter.cpp
Runs
<end of output>
Test time =   0.23 sec
----------------------------------------------------------
Test Pass Reason:
Required regular expression found. Regex=[Runs]
"test_pulscan_boxcar_filter" end time: Apr 24 00:03 BST
"test_pulscan_boxcar_filter" time elapsed: 00:00:00
----------------------------------------------------------

End testing: Apr 24 00:03 BST
